<?xml version="1.0" encoding="UTF-8"?>
<testng-results skipped="0" failed="0" total="3" passed="3">
  <reporter-output>
  </reporter-output>
  <suite name="iotTesting" duration-ms="60075" started-at="2020-06-18T03:06:26Z" finished-at="2020-06-18T03:07:26Z">
    <groups>
    </groups>
    <test name="AUT-Chrome Test" duration-ms="60075" started-at="2020-06-18T03:06:26Z" finished-at="2020-06-18T03:07:26Z">
      <class name="com.iotTesting.testCases.TC_DD_EnterValue_001">
        <test-method status="PASS" signature="setup(java.lang.String)[pri:0, instance:com.iotTesting.testCases.TC_DD_EnterValue_001@4501b7af]" name="setup" is-config="true" duration-ms="26193" started-at="2020-06-18T15:06:26Z" finished-at="2020-06-18T15:06:52Z">
          <params>
            <param index="0">
              <value>
                <![CDATA[chrome]]>
              </value>
            </param>
          </params>
          <reporter-output>
          </reporter-output>
        </test-method> <!-- setup -->
        <test-method status="PASS" signature="dashboardDDT(java.lang.String)[pri:0, instance:com.iotTesting.testCases.TC_DD_EnterValue_001@4501b7af]" name="dashboardDDT" duration-ms="11032" started-at="2020-06-18T15:06:55Z" data-provider="FuelValue_data" finished-at="2020-06-18T15:07:06Z">
          <params>
            <param index="0">
              <value>
                <![CDATA[9]]>
              </value>
            </param>
          </params>
          <reporter-output>
          </reporter-output>
        </test-method> <!-- dashboardDDT -->
        <test-method status="PASS" signature="dashboardDDT(java.lang.String)[pri:0, instance:com.iotTesting.testCases.TC_DD_EnterValue_001@4501b7af]" name="dashboardDDT" duration-ms="9376" started-at="2020-06-18T15:07:06Z" data-provider="FuelValue_data" finished-at="2020-06-18T15:07:15Z">
          <params>
            <param index="0">
              <value>
                <![CDATA[20]]>
              </value>
            </param>
          </params>
          <reporter-output>
          </reporter-output>
        </test-method> <!-- dashboardDDT -->
        <test-method status="PASS" signature="dashboardDDT(java.lang.String)[pri:0, instance:com.iotTesting.testCases.TC_DD_EnterValue_001@4501b7af]" name="dashboardDDT" duration-ms="9264" started-at="2020-06-18T15:07:15Z" data-provider="FuelValue_data" finished-at="2020-06-18T15:07:25Z">
          <params>
            <param index="0">
              <value>
                <![CDATA[94]]>
              </value>
            </param>
          </params>
          <reporter-output>
          </reporter-output>
        </test-method> <!-- dashboardDDT -->
        <test-method status="PASS" signature="tearDown()[pri:0, instance:com.iotTesting.testCases.TC_DD_EnterValue_001@4501b7af]" name="tearDown" is-config="true" duration-ms="1005" started-at="2020-06-18T15:07:25Z" finished-at="2020-06-18T15:07:26Z">
          <reporter-output>
          </reporter-output>
        </test-method> <!-- tearDown -->
      </class> <!-- com.iotTesting.testCases.TC_DD_EnterValue_001 -->
    </test> <!-- AUT-Chrome Test -->
  </suite> <!-- iotTesting -->
</testng-results>
