<?xml version="1.0" encoding="UTF-8"?>
<!-- Generated by org.testng.reporters.JUnitXMLReporter -->
<testsuite hostname="DESKTOP-OLJU00U" name="AUT-Chrome Test" tests="3" failures="0" timestamp="18 Jun 2020 03:07:26 GMT" time="60.075" errors="0">
  <testcase name="dashboardDDT" time="11.032" classname="com.iotTesting.testCases.TC_DD_EnterValue_001"/>
  <testcase name="dashboardDDT" time="9.376" classname="com.iotTesting.testCases.TC_DD_EnterValue_001"/>
  <testcase name="dashboardDDT" time="9.264" classname="com.iotTesting.testCases.TC_DD_EnterValue_001"/>
</testsuite> <!-- AUT-Chrome Test -->
