<?xml version="1.0" encoding="UTF-8"?>
<!-- Generated by org.testng.reporters.JUnitXMLReporter -->
<testsuite hostname="DESKTOP-OLJU00U" name="AUT-Firefox Test" tests="3" failures="0" timestamp="3 Jul 2020 04:05:39 GMT" time="113.66" errors="0">
  <testcase name="dashboardDDT" time="16.609" classname="com.iotTesting.testCases.TC_DD_EnterValue_001"/>
  <testcase name="dashboardDDT" time="12.685" classname="com.iotTesting.testCases.TC_DD_EnterValue_001"/>
  <testcase name="dashboardDDT" time="12.551" classname="com.iotTesting.testCases.TC_DD_EnterValue_001"/>
</testsuite> <!-- AUT-Firefox Test -->
