<?xml version="1.0" encoding="UTF-8"?>
<!-- Generated by org.testng.reporters.JUnitXMLReporter -->
<testsuite hostname="DESKTOP-OLJU00U" name="IoTApp Test" tests="3" failures="0" timestamp="22 May 2020 11:29:05 GMT" time="61.644" errors="0">
  <testcase name="dashboardDDT" time="12.082" classname="com.iotTesting.testCases.TC_DD_EnterValue_001"/>
  <testcase name="dashboardDDT" time="9.277" classname="com.iotTesting.testCases.TC_DD_EnterValue_001"/>
  <testcase name="dashboardDDT" time="9.31" classname="com.iotTesting.testCases.TC_DD_EnterValue_001"/>
</testsuite> <!-- IoTApp Test -->
